<?xml version="1.0" encoding="UTF-8"?>
<!-- Generated by org.testng.reporters.JUnitXMLReporter -->
<testsuite hostname="DESKTOP-NA9DL58" ignored="0" name="用户管理系统测试用例" tests="7" failures="0" timestamp="28 七月 2019 08:07:54 GMT" time="9.634" errors="0">
  <testcase name="loginTrue" time="2.391" classname="com.course.cases.LoginTest"/>
  <testcase name="loginFalse" time="0.535" classname="com.course.cases.LoginTest"/>
  <testcase name="addUser" time="0.131" classname="com.course.cases.AddUserTest"/>
  <testcase name="getUserInfo" time="0.078" classname="com.course.cases.GetUserInfoTest"/>
  <testcase name="getUserList" time="0.149" classname="com.course.cases.GetUserListTest"/>
  <testcase name="updateUserInfo" time="3.063" classname="com.course.cases.UpdateUserInfoTest"/>
  <testcase name="deleteUserInfo" time="3.036" classname="com.course.cases.UpdateUserInfoTest"/>
</testsuite> <!-- 用户管理系统测试用例 -->
