<?xml version="1.0" encoding="UTF-8" ?>
<testsuite tests="7" failures="0" name="TestSuite" time="13.986" errors="0" skipped="0">
  <properties>
[...]
</properties>
  <testcase classname="com.course.cases.LoginTest" name="loginTrue" time="2.402"/>
  <testcase classname="com.course.cases.LoginTest" name="loginFalse" time="0.26"/>
  <testcase classname="com.course.cases.AddUserTest" name="addUser" time="0.215"/>
  <testcase classname="com.course.cases.GetUserInfoTest" name="getUserInfo" time="0.092"/>
  <testcase classname="com.course.cases.GetUserListTest" name="getUserList" time="0.209"/>
  <testcase classname="com.course.cases.UpdateUserInfoTest" name="updateUserInfo" time="3.181"/>
  <testcase classname="com.course.cases.UpdateUserInfoTest" name="deleteUserInfo" time="3.038"/>
</testsuite>